<?xml version="1.0" encoding="UTF-8"?>
<testsuite xmlns:xsi="http://www.w3.org/2001/XMLSchema-instance" xsi:noNamespaceSchemaLocation="https://maven.apache.org/surefire/maven-surefire-plugin/xsd/surefire-test-report.xsd" name="org.javawavers.studybuddy.calculations.TaskTest" time="0.001" tests="3" errors="0" skipped="0" failures="0">
  <properties>
[...]
</properties>
  <testcase name="testSetTaskHours" classname="org.javawavers.studybuddy.calculations.TaskTest" time="0"/>
  <testcase name="testTaskConstructorForRevision" classname="org.javawavers.studybuddy.calculations.TaskTest" time="0"/>
  <testcase name="testTaskConstructorForStudying" classname="org.javawavers.studybuddy.calculations.TaskTest" time="0"/>
</testsuite>