<?xml version="1.0" encoding="UTF-8"?>
<testsuite xmlns:xsi="http://www.w3.org/2001/XMLSchema-instance" xsi:noNamespaceSchemaLocation="https://maven.apache.org/surefire/maven-surefire-plugin/xsd/surefire-test-report.xsd" name="org.javawavers.studybuddy.StaticUserTest" time="0.103" tests="6" errors="0" skipped="0" failures="0">
  <properties>
[...]
</properties>
  <testcase name="testStaticUserInitialization" classname="org.javawavers.studybuddy.StaticUserTest" time="0.075"/>
  <testcase name="testAddSubject" classname="org.javawavers.studybuddy.StaticUserTest" time="0.001"/>
  <testcase name="testAddNonAvailDay" classname="org.javawavers.studybuddy.StaticUserTest" time="0.001"/>
  <testcase name="testRemoveNonAvailDay" classname="org.javawavers.studybuddy.StaticUserTest" time="0.002"/>
  <testcase name="testRemoveSubject" classname="org.javawavers.studybuddy.StaticUserTest" time="0.001"/>
  <testcase name="testUpdateUserDetails" classname="org.javawavers.studybuddy.StaticUserTest" time="0.001"/>
</testsuite>