<?xml version="1.0" encoding="UTF-8"?>
<checkstyle version="9.3">
<file name="C:\Users\Dell\Programming2StudyBuddy\StudyBuddyApp\src\main\java\org\javawavers\studybuddy\calculations\Day.java">
<error line="5" column="41" severity="warning" message="Using the &apos;.*&apos; form of import should be avoided - org.javawavers.studybuddy.courses.*." source="com.puppycrawl.tools.checkstyle.checks.imports.AvoidStarImportCheck"/>
<error line="7" column="1" severity="warning" message="Missing a Javadoc comment." source="com.puppycrawl.tools.checkstyle.checks.javadoc.MissingJavadocTypeCheck"/>
<error line="9" column="3" severity="warning" message="&apos;CTOR_DEF&apos; should be separated from previous line." source="com.puppycrawl.tools.checkstyle.checks.whitespace.EmptyLineSeparatorCheck"/>
</file>
<file name="C:\Users\Dell\Programming2StudyBuddy\StudyBuddyApp\src\main\java\org\javawavers\studybuddy\calculations\SimulateAnnealing.java">
<error line="171" column="15" severity="warning" message="Local variable name &apos;vSchedule&apos; must match pattern &apos;^[a-z]([a-z0-9][a-zA-Z0-9]*)?$&apos;." source="com.puppycrawl.tools.checkstyle.checks.naming.LocalVariableNameCheck"/>
</file>
<file name="C:\Users\Dell\Programming2StudyBuddy\StudyBuddyApp\src\main\java\org\javawavers\studybuddy\calculations\Task.java">
<error line="81" column="9" severity="warning" message="&apos;switch&apos; has incorrect indentation level 8, expected level should be 4." source="com.puppycrawl.tools.checkstyle.checks.indentation.IndentationCheck"/>
<error line="82" column="11" severity="warning" message="&apos;case&apos; child has incorrect indentation level 10, expected level should be 6." source="com.puppycrawl.tools.checkstyle.checks.indentation.IndentationCheck"/>
<error line="83" column="11" severity="warning" message="&apos;case&apos; child has incorrect indentation level 10, expected level should be 6." source="com.puppycrawl.tools.checkstyle.checks.indentation.IndentationCheck"/>
<error line="84" column="11" severity="warning" message="&apos;case&apos; child has incorrect indentation level 10, expected level should be 6." source="com.puppycrawl.tools.checkstyle.checks.indentation.IndentationCheck"/>
<error line="85" column="11" severity="warning" message="&apos;case&apos; child has incorrect indentation level 10, expected level should be 6." source="com.puppycrawl.tools.checkstyle.checks.indentation.IndentationCheck"/>
<error line="86" column="9" severity="warning" message="&apos;switch rcurly&apos; has incorrect indentation level 8, expected level should be 4." source="com.puppycrawl.tools.checkstyle.checks.indentation.IndentationCheck"/>
</file>
<file name="C:\Users\Dell\Programming2StudyBuddy\StudyBuddyApp\src\main\java\org\javawavers\studybuddy\calculations\TaskAssignment.java">
<error line="23" column="3" severity="warning" message="Missing a Javadoc comment." source="com.puppycrawl.tools.checkstyle.checks.javadoc.MissingJavadocMethodCheck"/>
</file>
<file name="C:\Users\Dell\Programming2StudyBuddy\StudyBuddyApp\src\main\java\org\javawavers\studybuddy\courses\User.java">
<error line="358" column="11" severity="warning" message="&apos;&amp;&amp;&apos; has incorrect indentation level 10, expected level should be 12." source="com.puppycrawl.tools.checkstyle.checks.indentation.IndentationCheck"/>
<error line="360" severity="warning" message="Line is longer than 100 characters (found 119)." source="com.puppycrawl.tools.checkstyle.checks.sizes.LineLengthCheck"/>
<error line="362" severity="warning" message="Line is longer than 100 characters (found 118)." source="com.puppycrawl.tools.checkstyle.checks.sizes.LineLengthCheck"/>
<error line="362" column="117" severity="warning" message="&apos;)&apos; is preceded with whitespace." source="com.puppycrawl.tools.checkstyle.checks.whitespace.ParenPadCheck"/>
</file>
<file name="C:\Users\Dell\Programming2StudyBuddy\StudyBuddyApp\src\main\java\org\javawavers\studybuddy\database\DataInserter.java">
<error line="185" severity="warning" message="Line is longer than 100 characters (found 101)." source="com.puppycrawl.tools.checkstyle.checks.sizes.LineLengthCheck"/>
</file>
<file name="C:\Users\Dell\Programming2StudyBuddy\StudyBuddyApp\src\main\java\org\javawavers\studybuddy\database\DeleteData.java">
<error line="14" column="3" severity="warning" message="Missing a Javadoc comment." source="com.puppycrawl.tools.checkstyle.checks.javadoc.MissingJavadocMethodCheck"/>
<error line="31" column="3" severity="warning" message="Missing a Javadoc comment." source="com.puppycrawl.tools.checkstyle.checks.javadoc.MissingJavadocMethodCheck"/>
<error line="48" column="3" severity="warning" message="Missing a Javadoc comment." source="com.puppycrawl.tools.checkstyle.checks.javadoc.MissingJavadocMethodCheck"/>
<error line="65" column="3" severity="warning" message="Missing a Javadoc comment." source="com.puppycrawl.tools.checkstyle.checks.javadoc.MissingJavadocMethodCheck"/>
<error line="82" column="3" severity="warning" message="Missing a Javadoc comment." source="com.puppycrawl.tools.checkstyle.checks.javadoc.MissingJavadocMethodCheck"/>
<error line="98" column="3" severity="warning" message="Missing a Javadoc comment." source="com.puppycrawl.tools.checkstyle.checks.javadoc.MissingJavadocMethodCheck"/>
</file>
<file name="C:\Users\Dell\Programming2StudyBuddy\StudyBuddyApp\src\main\java\org\javawavers\studybuddy\database\SQLiteConnection.java">
<error line="7" column="1" severity="warning" message="Missing a Javadoc comment." source="com.puppycrawl.tools.checkstyle.checks.javadoc.MissingJavadocTypeCheck"/>
<error line="7" column="14" severity="warning" message="Abbreviation in name &apos;SQLiteConnection&apos; must contain no more than &apos;1&apos; consecutive capital letters." source="com.puppycrawl.tools.checkstyle.checks.naming.AbbreviationAsWordInNameCheck"/>
<error line="13" column="3" severity="warning" message="Missing a Javadoc comment." source="com.puppycrawl.tools.checkstyle.checks.javadoc.MissingJavadocMethodCheck"/>
<error line="34" column="3" severity="warning" message="Missing a Javadoc comment." source="com.puppycrawl.tools.checkstyle.checks.javadoc.MissingJavadocMethodCheck"/>
<error line="46" column="3" severity="warning" message="Missing a Javadoc comment." source="com.puppycrawl.tools.checkstyle.checks.javadoc.MissingJavadocMethodCheck"/>
</file>
<file name="C:\Users\Dell\Programming2StudyBuddy\StudyBuddyApp\src\main\java\org\javawavers\studybuddy\StudyBuddyApp.java">
<error line="11" column="1" severity="warning" message="Extra separation in import group before &apos;java.sql.Connection&apos;" source="com.puppycrawl.tools.checkstyle.checks.imports.CustomImportOrderCheck"/>
<error line="11" column="1" severity="warning" message="Wrong lexicographical order for &apos;java.sql.Connection&apos; import. Should be before &apos;org.javawavers.studybuddy.ui_ux.SceneManager&apos;." source="com.puppycrawl.tools.checkstyle.checks.imports.CustomImportOrderCheck"/>
<error line="13" column="1" severity="warning" message="Import statement for &apos;org.javawavers.studybuddy.database.DataBaseManager.connect&apos; is in the wrong order. Should be in the &apos;STATIC&apos; group, expecting not assigned imports on this line." source="com.puppycrawl.tools.checkstyle.checks.imports.CustomImportOrderCheck"/>
<error line="14" column="1" severity="warning" message="Import statement for &apos;org.javawavers.studybuddy.database.DataBaseManager.createTables&apos; is in the wrong order. Should be in the &apos;STATIC&apos; group, expecting not assigned imports on this line." source="com.puppycrawl.tools.checkstyle.checks.imports.CustomImportOrderCheck"/>
</file>
<file name="C:\Users\Dell\Programming2StudyBuddy\StudyBuddyApp\src\main\java\org\javawavers\studybuddy\ui_ux\AssignmentPage.java">
<error line="1" column="9" severity="warning" message="Package name &apos;org.javawavers.studybuddy.ui_ux&apos; must match pattern &apos;^[a-z]+(\.[a-z][a-z0-9]*)*$&apos;." source="com.puppycrawl.tools.checkstyle.checks.naming.PackageNameCheck"/>
<error line="28" column="1" severity="warning" message="Missing a Javadoc comment." source="com.puppycrawl.tools.checkstyle.checks.javadoc.MissingJavadocTypeCheck"/>
<error line="30" column="3" severity="warning" message="Each variable declaration must be in its own statement." source="com.puppycrawl.tools.checkstyle.checks.coding.MultipleVariableDeclarationsCheck"/>
<error line="43" column="3" severity="warning" message="Missing a Javadoc comment." source="com.puppycrawl.tools.checkstyle.checks.javadoc.MissingJavadocMethodCheck"/>
<error line="59" column="10" severity="warning" message="Abbreviation in name &apos;okBtnHBox&apos; must contain no more than &apos;1&apos; consecutive capital letters." source="com.puppycrawl.tools.checkstyle.checks.naming.AbbreviationAsWordInNameCheck"/>
<error line="156" column="5" severity="warning" message="Distance between variable &apos;infoVBox&apos; declaration and its first usage is 16, but allowed 3.  Consider making that variable final if you still need to store its value in advance (before method calls that might have side effects on the original value)." source="com.puppycrawl.tools.checkstyle.checks.coding.VariableDeclarationUsageDistanceCheck"/>
<error line="156" column="10" severity="warning" message="Abbreviation in name &apos;infoVBox&apos; must contain no more than &apos;1&apos; consecutive capital letters." source="com.puppycrawl.tools.checkstyle.checks.naming.AbbreviationAsWordInNameCheck"/>
<error line="191" column="5" severity="warning" message="Distance between variable &apos;evalVBox&apos; declaration and its first usage is 9, but allowed 3.  Consider making that variable final if you still need to store its value in advance (before method calls that might have side effects on the original value)." source="com.puppycrawl.tools.checkstyle.checks.coding.VariableDeclarationUsageDistanceCheck"/>
<error line="191" column="10" severity="warning" message="Abbreviation in name &apos;evalVBox&apos; must contain no more than &apos;1&apos; consecutive capital letters." source="com.puppycrawl.tools.checkstyle.checks.naming.AbbreviationAsWordInNameCheck"/>
<error line="213" column="3" severity="warning" message="Missing a Javadoc comment." source="com.puppycrawl.tools.checkstyle.checks.javadoc.MissingJavadocMethodCheck"/>
<error line="214" column="5" severity="warning" message="Distance between variable &apos;assignViewWithBtn&apos; declaration and its first usage is 4, but allowed 3.  Consider making that variable final if you still need to store its value in advance (before method calls that might have side effects on the original value)." source="com.puppycrawl.tools.checkstyle.checks.coding.VariableDeclarationUsageDistanceCheck"/>
</file>
<file name="C:\Users\Dell\Programming2StudyBuddy\StudyBuddyApp\src\main\java\org\javawavers\studybuddy\ui_ux\AvailabilityPage.java">
<error line="1" column="9" severity="warning" message="Package name &apos;org.javawavers.studybuddy.ui_ux&apos; must match pattern &apos;^[a-z]+(\.[a-z][a-z0-9]*)*$&apos;." source="com.puppycrawl.tools.checkstyle.checks.naming.PackageNameCheck"/>
<error line="31" column="1" severity="warning" message="Missing a Javadoc comment." source="com.puppycrawl.tools.checkstyle.checks.javadoc.MissingJavadocTypeCheck"/>
<error line="54" column="3" severity="warning" message="Missing a Javadoc comment." source="com.puppycrawl.tools.checkstyle.checks.javadoc.MissingJavadocMethodCheck"/>
<error line="56" column="5" severity="warning" message="Distance between variable &apos;availPage&apos; declaration and its first usage is 5, but allowed 3.  Consider making that variable final if you still need to store its value in advance (before method calls that might have side effects on the original value)." source="com.puppycrawl.tools.checkstyle.checks.coding.VariableDeclarationUsageDistanceCheck"/>
<error line="294" column="3" severity="warning" message="Missing a Javadoc comment." source="com.puppycrawl.tools.checkstyle.checks.javadoc.MissingJavadocMethodCheck"/>
<error line="295" column="5" severity="warning" message="Distance between variable &apos;availViewWithBtn&apos; declaration and its first usage is 4, but allowed 3.  Consider making that variable final if you still need to store its value in advance (before method calls that might have side effects on the original value)." source="com.puppycrawl.tools.checkstyle.checks.coding.VariableDeclarationUsageDistanceCheck"/>
</file>
<file name="C:\Users\Dell\Programming2StudyBuddy\StudyBuddyApp\src\main\java\org\javawavers\studybuddy\ui_ux\Calendar.java">
<error line="1" column="9" severity="warning" message="Package name &apos;org.javawavers.studybuddy.ui_ux&apos; must match pattern &apos;^[a-z]+(\.[a-z][a-z0-9]*)*$&apos;." source="com.puppycrawl.tools.checkstyle.checks.naming.PackageNameCheck"/>
<error line="34" column="46" severity="warning" message="Using the &apos;.*&apos; form of import should be avoided - org.javawavers.studybuddy.calculations.*." source="com.puppycrawl.tools.checkstyle.checks.imports.AvoidStarImportCheck"/>
<error line="54" column="31" severity="warning" message="WhitespaceAround: &apos;{&apos; is not preceded with whitespace." source="com.puppycrawl.tools.checkstyle.checks.whitespace.WhitespaceAroundCheck"/>
<error line="58" column="3" severity="warning" message="Missing a Javadoc comment." source="com.puppycrawl.tools.checkstyle.checks.javadoc.MissingJavadocMethodCheck"/>
<error line="93" severity="warning" message="Line is longer than 100 characters (found 114)." source="com.puppycrawl.tools.checkstyle.checks.sizes.LineLengthCheck"/>
<error line="98" severity="warning" message="Line is longer than 100 characters (found 114)." source="com.puppycrawl.tools.checkstyle.checks.sizes.LineLengthCheck"/>
<error line="169" severity="warning" message="Line is longer than 100 characters (found 121)." source="com.puppycrawl.tools.checkstyle.checks.sizes.LineLengthCheck"/>
<error line="183" severity="warning" message="Line is longer than 100 characters (found 121)." source="com.puppycrawl.tools.checkstyle.checks.sizes.LineLengthCheck"/>
<error line="219" severity="warning" message="Line is longer than 100 characters (found 114)." source="com.puppycrawl.tools.checkstyle.checks.sizes.LineLengthCheck"/>
<error line="225" severity="warning" message="Line is longer than 100 characters (found 304)." source="com.puppycrawl.tools.checkstyle.checks.sizes.LineLengthCheck"/>
<error line="239" column="31" severity="warning" message="Local variable name &apos;sAnnealing&apos; must match pattern &apos;^[a-z]([a-z0-9][a-zA-Z0-9]*)?$&apos;." source="com.puppycrawl.tools.checkstyle.checks.naming.LocalVariableNameCheck"/>
<error line="296" severity="warning" message="Line is longer than 100 characters (found 104)." source="com.puppycrawl.tools.checkstyle.checks.sizes.LineLengthCheck"/>
<error line="375" column="3" severity="warning" message="&apos;METHOD_DEF&apos; should be separated from previous line." source="com.puppycrawl.tools.checkstyle.checks.whitespace.EmptyLineSeparatorCheck"/>
</file>
<file name="C:\Users\Dell\Programming2StudyBuddy\StudyBuddyApp\src\main\java\org\javawavers\studybuddy\ui_ux\CenterPanelManager.java">
<error line="1" column="9" severity="warning" message="Package name &apos;org.javawavers.studybuddy.ui_ux&apos; must match pattern &apos;^[a-z]+(\.[a-z][a-z0-9]*)*$&apos;." source="com.puppycrawl.tools.checkstyle.checks.naming.PackageNameCheck"/>
<error line="13" column="3" severity="warning" message="Missing a Javadoc comment." source="com.puppycrawl.tools.checkstyle.checks.javadoc.MissingJavadocMethodCheck"/>
<error line="19" severity="warning" message="First sentence of Javadoc is missing an ending period." source="com.puppycrawl.tools.checkstyle.checks.javadoc.SummaryJavadocCheck"/>
<error line="79" severity="warning" message="Summary javadoc is missing." source="com.puppycrawl.tools.checkstyle.checks.javadoc.SummaryJavadocCheck"/>
</file>
<file name="C:\Users\Dell\Programming2StudyBuddy\StudyBuddyApp\src\main\java\org\javawavers\studybuddy\ui_ux\DashboardPage.java">
<error line="1" column="9" severity="warning" message="Package name &apos;org.javawavers.studybuddy.ui_ux&apos; must match pattern &apos;^[a-z]+(\.[a-z][a-z0-9]*)*$&apos;." source="com.puppycrawl.tools.checkstyle.checks.naming.PackageNameCheck"/>
<error line="49" column="7" severity="warning" message="&apos;createSummaryBox&apos; has incorrect indentation level 6, expected level should be 8." source="com.puppycrawl.tools.checkstyle.checks.indentation.IndentationCheck"/>
<error line="54" column="7" severity="warning" message="&apos;createSummaryBox&apos; has incorrect indentation level 6, expected level should be 8." source="com.puppycrawl.tools.checkstyle.checks.indentation.IndentationCheck"/>
<error line="59" column="7" severity="warning" message="&apos;createSummaryBox&apos; has incorrect indentation level 6, expected level should be 8." source="com.puppycrawl.tools.checkstyle.checks.indentation.IndentationCheck"/>
<error line="64" column="7" severity="warning" message="&apos;createSummaryBox&apos; has incorrect indentation level 6, expected level should be 8." source="com.puppycrawl.tools.checkstyle.checks.indentation.IndentationCheck"/>
</file>
<file name="C:\Users\Dell\Programming2StudyBuddy\StudyBuddyApp\src\main\java\org\javawavers\studybuddy\ui_ux\ExamPage.java">
<error line="1" column="9" severity="warning" message="Package name &apos;org.javawavers.studybuddy.ui_ux&apos; must match pattern &apos;^[a-z]+(\.[a-z][a-z0-9]*)*$&apos;." source="com.puppycrawl.tools.checkstyle.checks.naming.PackageNameCheck"/>
<error line="6" column="17" severity="warning" message="Using the &apos;.*&apos; form of import should be avoided - java.util.*." source="com.puppycrawl.tools.checkstyle.checks.imports.AvoidStarImportCheck"/>
<error line="13" column="28" severity="warning" message="Using the &apos;.*&apos; form of import should be avoided - javafx.scene.control.*." source="com.puppycrawl.tools.checkstyle.checks.imports.AvoidStarImportCheck"/>
<error line="24" column="1" severity="warning" message="Missing a Javadoc comment." source="com.puppycrawl.tools.checkstyle.checks.javadoc.MissingJavadocTypeCheck"/>
<error line="25" column="3" severity="warning" message="Each variable declaration must be in its own statement." source="com.puppycrawl.tools.checkstyle.checks.coding.MultipleVariableDeclarationsCheck"/>
<error line="40" column="3" severity="warning" message="Missing a Javadoc comment." source="com.puppycrawl.tools.checkstyle.checks.javadoc.MissingJavadocMethodCheck"/>
<error line="51" column="3" severity="warning" message="Missing a Javadoc comment." source="com.puppycrawl.tools.checkstyle.checks.javadoc.MissingJavadocMethodCheck"/>
<error line="52" column="5" severity="warning" message="Distance between variable &apos;examViewWithBtn&apos; declaration and its first usage is 4, but allowed 3.  Consider making that variable final if you still need to store its value in advance (before method calls that might have side effects on the original value)." source="com.puppycrawl.tools.checkstyle.checks.coding.VariableDeclarationUsageDistanceCheck"/>
<error line="84" column="3" severity="warning" message="Missing a Javadoc comment." source="com.puppycrawl.tools.checkstyle.checks.javadoc.MissingJavadocMethodCheck"/>
<error line="102" column="10" severity="warning" message="Abbreviation in name &apos;okBtnHBox&apos; must contain no more than &apos;1&apos; consecutive capital letters." source="com.puppycrawl.tools.checkstyle.checks.naming.AbbreviationAsWordInNameCheck"/>
<error line="110" column="5" severity="warning" message="Distance between variable &apos;nameVBox&apos; declaration and its first usage is 9, but allowed 3.  Consider making that variable final if you still need to store its value in advance (before method calls that might have side effects on the original value)." source="com.puppycrawl.tools.checkstyle.checks.coding.VariableDeclarationUsageDistanceCheck"/>
<error line="110" column="10" severity="warning" message="Abbreviation in name &apos;nameVBox&apos; must contain no more than &apos;1&apos; consecutive capital letters." source="com.puppycrawl.tools.checkstyle.checks.naming.AbbreviationAsWordInNameCheck"/>
<error line="133" column="5" severity="warning" message="Distance between variable &apos;infoVBox&apos; declaration and its first usage is 19, but allowed 3.  Consider making that variable final if you still need to store its value in advance (before method calls that might have side effects on the original value)." source="com.puppycrawl.tools.checkstyle.checks.coding.VariableDeclarationUsageDistanceCheck"/>
<error line="133" column="10" severity="warning" message="Abbreviation in name &apos;infoVBox&apos; must contain no more than &apos;1&apos; consecutive capital letters." source="com.puppycrawl.tools.checkstyle.checks.naming.AbbreviationAsWordInNameCheck"/>
<error line="179" column="5" severity="warning" message="Distance between variable &apos;evalVBox&apos; declaration and its first usage is 14, but allowed 3.  Consider making that variable final if you still need to store its value in advance (before method calls that might have side effects on the original value)." source="com.puppycrawl.tools.checkstyle.checks.coding.VariableDeclarationUsageDistanceCheck"/>
<error line="179" column="10" severity="warning" message="Abbreviation in name &apos;evalVBox&apos; must contain no more than &apos;1&apos; consecutive capital letters." source="com.puppycrawl.tools.checkstyle.checks.naming.AbbreviationAsWordInNameCheck"/>
<error line="307" column="11" severity="warning" message="Abbreviation in name &apos;subjectID&apos; must contain no more than &apos;1&apos; consecutive capital letters." source="com.puppycrawl.tools.checkstyle.checks.naming.AbbreviationAsWordInNameCheck"/>
</file>
<file name="C:\Users\Dell\Programming2StudyBuddy\StudyBuddyApp\src\main\java\org\javawavers\studybuddy\ui_ux\HomePage.java">
<error line="1" column="9" severity="warning" message="Package name &apos;org.javawavers.studybuddy.ui_ux&apos; must match pattern &apos;^[a-z]+(\.[a-z][a-z0-9]*)*$&apos;." source="com.puppycrawl.tools.checkstyle.checks.naming.PackageNameCheck"/>
<error line="12" column="27" severity="warning" message="Using the &apos;.*&apos; form of import should be avoided - javafx.scene.layout.*." source="com.puppycrawl.tools.checkstyle.checks.imports.AvoidStarImportCheck"/>
<error line="38" column="7" severity="warning" message="Distance between variable &apos;home&apos; declaration and its first usage is 7, but allowed 3.  Consider making that variable final if you still need to store its value in advance (before method calls that might have side effects on the original value)." source="com.puppycrawl.tools.checkstyle.checks.coding.VariableDeclarationUsageDistanceCheck"/>
<error line="74" column="10" severity="warning" message="Abbreviation in name &apos;centralHBox&apos; must contain no more than &apos;1&apos; consecutive capital letters." source="com.puppycrawl.tools.checkstyle.checks.naming.AbbreviationAsWordInNameCheck"/>
<error line="105" column="16" severity="warning" message="Abbreviation in name &apos;leftVBox&apos; must contain no more than &apos;1&apos; consecutive capital letters." source="com.puppycrawl.tools.checkstyle.checks.naming.AbbreviationAsWordInNameCheck"/>
<error line="138" column="10" severity="warning" message="Abbreviation in name &apos;leftVBox&apos; must contain no more than &apos;1&apos; consecutive capital letters." source="com.puppycrawl.tools.checkstyle.checks.naming.AbbreviationAsWordInNameCheck"/>
<error line="153" column="16" severity="warning" message="Abbreviation in name &apos;rightVBox&apos; must contain no more than &apos;1&apos; consecutive capital letters." source="com.puppycrawl.tools.checkstyle.checks.naming.AbbreviationAsWordInNameCheck"/>
<error line="154" column="10" severity="warning" message="Abbreviation in name &apos;imgVBox&apos; must contain no more than &apos;1&apos; consecutive capital letters." source="com.puppycrawl.tools.checkstyle.checks.naming.AbbreviationAsWordInNameCheck"/>
<error line="158" column="13" severity="warning" message="Abbreviation in name &apos;logoWithPC&apos; must contain no more than &apos;1&apos; consecutive capital letters." source="com.puppycrawl.tools.checkstyle.checks.naming.AbbreviationAsWordInNameCheck"/>
<error line="175" column="10" severity="warning" message="Abbreviation in name &apos;rightVBox&apos; must contain no more than &apos;1&apos; consecutive capital letters." source="com.puppycrawl.tools.checkstyle.checks.naming.AbbreviationAsWordInNameCheck"/>
</file>
<file name="C:\Users\Dell\Programming2StudyBuddy\StudyBuddyApp\src\main\java\org\javawavers\studybuddy\ui_ux\LoginPage.java">
<error line="1" column="9" severity="warning" message="Package name &apos;org.javawavers.studybuddy.ui_ux&apos; must match pattern &apos;^[a-z]+(\.[a-z][a-z0-9]*)*$&apos;." source="com.puppycrawl.tools.checkstyle.checks.naming.PackageNameCheck"/>
<error line="24" column="1" severity="warning" message="Missing a Javadoc comment." source="com.puppycrawl.tools.checkstyle.checks.javadoc.MissingJavadocTypeCheck"/>
<error line="35" column="3" severity="warning" message="Missing a Javadoc comment." source="com.puppycrawl.tools.checkstyle.checks.javadoc.MissingJavadocMethodCheck"/>
<error line="36" column="5" severity="warning" message="Distance between variable &apos;loginPage&apos; declaration and its first usage is 5, but allowed 3.  Consider making that variable final if you still need to store its value in advance (before method calls that might have side effects on the original value)." source="com.puppycrawl.tools.checkstyle.checks.coding.VariableDeclarationUsageDistanceCheck"/>
<error line="65" column="10" severity="warning" message="Abbreviation in name &apos;rightVBox&apos; must contain no more than &apos;1&apos; consecutive capital letters." source="com.puppycrawl.tools.checkstyle.checks.naming.AbbreviationAsWordInNameCheck"/>
<error line="156" column="10" severity="warning" message="Abbreviation in name &apos;leftVBox&apos; must contain no more than &apos;1&apos; consecutive capital letters." source="com.puppycrawl.tools.checkstyle.checks.naming.AbbreviationAsWordInNameCheck"/>
<error line="183" column="5" severity="warning" message="Distance between variable &apos;notseeImage2&apos; declaration and its first usage is 5, but allowed 3.  Consider making that variable final if you still need to store its value in advance (before method calls that might have side effects on the original value)." source="com.puppycrawl.tools.checkstyle.checks.coding.VariableDeclarationUsageDistanceCheck"/>
<error line="200" column="5" severity="warning" message="Distance between variable &apos;passwordBox&apos; declaration and its first usage is 7, but allowed 3.  Consider making that variable final if you still need to store its value in advance (before method calls that might have side effects on the original value)." source="com.puppycrawl.tools.checkstyle.checks.coding.VariableDeclarationUsageDistanceCheck"/>
<error line="359" column="16" severity="warning" message="Method name &apos;PasswordVisibility&apos; must match pattern &apos;^[a-z][a-z0-9][a-zA-Z0-9_]*$&apos;." source="com.puppycrawl.tools.checkstyle.checks.naming.MethodNameCheck"/>
</file>
<file name="C:\Users\Dell\Programming2StudyBuddy\StudyBuddyApp\src\main\java\org\javawavers\studybuddy\ui_ux\MainFrame.java">
<error line="1" column="9" severity="warning" message="Package name &apos;org.javawavers.studybuddy.ui_ux&apos; must match pattern &apos;^[a-z]+(\.[a-z][a-z0-9]*)*$&apos;." source="com.puppycrawl.tools.checkstyle.checks.naming.PackageNameCheck"/>
<error line="21" severity="warning" message="Line is longer than 100 characters (found 104)." source="com.puppycrawl.tools.checkstyle.checks.sizes.LineLengthCheck"/>
</file>
<file name="C:\Users\Dell\Programming2StudyBuddy\StudyBuddyApp\src\main\java\org\javawavers\studybuddy\ui_ux\MenuPage.java">
<error line="1" column="9" severity="warning" message="Package name &apos;org.javawavers.studybuddy.ui_ux&apos; must match pattern &apos;^[a-z]+(\.[a-z][a-z0-9]*)*$&apos;." source="com.puppycrawl.tools.checkstyle.checks.naming.PackageNameCheck"/>
<error line="22" column="1" severity="warning" message="Missing a Javadoc comment." source="com.puppycrawl.tools.checkstyle.checks.javadoc.MissingJavadocTypeCheck"/>
<error line="38" column="8" severity="warning" message="Abbreviation in name &apos;optionVBox&apos; must contain no more than &apos;1&apos; consecutive capital letters." source="com.puppycrawl.tools.checkstyle.checks.naming.AbbreviationAsWordInNameCheck"/>
<error line="40" column="3" severity="warning" message="Missing a Javadoc comment." source="com.puppycrawl.tools.checkstyle.checks.javadoc.MissingJavadocMethodCheck"/>
</file>
<file name="C:\Users\Dell\Programming2StudyBuddy\StudyBuddyApp\src\main\java\org\javawavers\studybuddy\ui_ux\Popupdiathesimotita.java">
<error line="1" column="9" severity="warning" message="Package name &apos;org.javawavers.studybuddy.ui_ux&apos; must match pattern &apos;^[a-z]+(\.[a-z][a-z0-9]*)*$&apos;." source="com.puppycrawl.tools.checkstyle.checks.naming.PackageNameCheck"/>
<error line="16" column="1" severity="warning" message="Missing a Javadoc comment." source="com.puppycrawl.tools.checkstyle.checks.javadoc.MissingJavadocTypeCheck"/>
<error line="122" severity="warning" message="Line is longer than 100 characters (found 114)." source="com.puppycrawl.tools.checkstyle.checks.sizes.LineLengthCheck"/>
</file>
<file name="C:\Users\Dell\Programming2StudyBuddy\StudyBuddyApp\src\main\java\org\javawavers\studybuddy\ui_ux\RegisterPage.java">
<error line="1" column="9" severity="warning" message="Package name &apos;org.javawavers.studybuddy.ui_ux&apos; must match pattern &apos;^[a-z]+(\.[a-z][a-z0-9]*)*$&apos;." source="com.puppycrawl.tools.checkstyle.checks.naming.PackageNameCheck"/>
<error line="30" column="1" severity="warning" message="Missing a Javadoc comment." source="com.puppycrawl.tools.checkstyle.checks.javadoc.MissingJavadocTypeCheck"/>
<error line="48" column="3" severity="warning" message="Missing a Javadoc comment." source="com.puppycrawl.tools.checkstyle.checks.javadoc.MissingJavadocMethodCheck"/>
<error line="49" column="5" severity="warning" message="Distance between variable &apos;registerPage&apos; declaration and its first usage is 5, but allowed 3.  Consider making that variable final if you still need to store its value in advance (before method calls that might have side effects on the original value)." source="com.puppycrawl.tools.checkstyle.checks.coding.VariableDeclarationUsageDistanceCheck"/>
<error line="78" column="10" severity="warning" message="Abbreviation in name &apos;rightVBox&apos; must contain no more than &apos;1&apos; consecutive capital letters." source="com.puppycrawl.tools.checkstyle.checks.naming.AbbreviationAsWordInNameCheck"/>
<error line="111" column="5" severity="warning" message="Distance between variable &apos;notseeImage2&apos; declaration and its first usage is 5, but allowed 3.  Consider making that variable final if you still need to store its value in advance (before method calls that might have side effects on the original value)." source="com.puppycrawl.tools.checkstyle.checks.coding.VariableDeclarationUsageDistanceCheck"/>
<error line="117" column="5" severity="warning" message="Distance between variable &apos;toggleConfirmPasswordButton&apos; declaration and its first usage is 11, but allowed 3.  Consider making that variable final if you still need to store its value in advance (before method calls that might have side effects on the original value)." source="com.puppycrawl.tools.checkstyle.checks.coding.VariableDeclarationUsageDistanceCheck"/>
<error line="134" column="5" severity="warning" message="Distance between variable &apos;passwordBox&apos; declaration and its first usage is 19, but allowed 3.  Consider making that variable final if you still need to store its value in advance (before method calls that might have side effects on the original value)." source="com.puppycrawl.tools.checkstyle.checks.coding.VariableDeclarationUsageDistanceCheck"/>
<error line="154" column="5" severity="warning" message="Distance between variable &apos;notseeImage&apos; declaration and its first usage is 4, but allowed 3.  Consider making that variable final if you still need to store its value in advance (before method calls that might have side effects on the original value)." source="com.puppycrawl.tools.checkstyle.checks.coding.VariableDeclarationUsageDistanceCheck"/>
<error line="170" column="5" severity="warning" message="Distance between variable &apos;confirmPasswordBox&apos; declaration and its first usage is 7, but allowed 3.  Consider making that variable final if you still need to store its value in advance (before method calls that might have side effects on the original value)." source="com.puppycrawl.tools.checkstyle.checks.coding.VariableDeclarationUsageDistanceCheck"/>
<error line="276" column="10" severity="warning" message="Abbreviation in name &apos;leftVBox&apos; must contain no more than &apos;1&apos; consecutive capital letters." source="com.puppycrawl.tools.checkstyle.checks.naming.AbbreviationAsWordInNameCheck"/>
<error line="381" column="5" severity="warning" message="Distance between variable &apos;confirmPassword&apos; declaration and its first usage is 5, but allowed 3.  Consider making that variable final if you still need to store its value in advance (before method calls that might have side effects on the original value)." source="com.puppycrawl.tools.checkstyle.checks.coding.VariableDeclarationUsageDistanceCheck"/>
<error line="456" column="16" severity="warning" message="Method name &apos;PasswordVisibility&apos; must match pattern &apos;^[a-z][a-z0-9][a-zA-Z0-9_]*$&apos;." source="com.puppycrawl.tools.checkstyle.checks.naming.MethodNameCheck"/>
<error line="472" column="16" severity="warning" message="Method name &apos;ConfPasswordVisibility&apos; must match pattern &apos;^[a-z][a-z0-9][a-zA-Z0-9_]*$&apos;." source="com.puppycrawl.tools.checkstyle.checks.naming.MethodNameCheck"/>
</file>
<file name="C:\Users\Dell\Programming2StudyBuddy\StudyBuddyApp\src\main\java\org\javawavers\studybuddy\ui_ux\RightPanel.java">
<error line="1" column="9" severity="warning" message="Package name &apos;org.javawavers.studybuddy.ui_ux&apos; must match pattern &apos;^[a-z]+(\.[a-z][a-z0-9]*)*$&apos;." source="com.puppycrawl.tools.checkstyle.checks.naming.PackageNameCheck"/>
<error line="14" column="28" severity="warning" message="Using the &apos;.*&apos; form of import should be avoided - javafx.scene.control.*." source="com.puppycrawl.tools.checkstyle.checks.imports.AvoidStarImportCheck"/>
<error line="33" column="1" severity="warning" message="Missing a Javadoc comment." source="com.puppycrawl.tools.checkstyle.checks.javadoc.MissingJavadocTypeCheck"/>
<error line="47" column="3" severity="warning" message="Missing a Javadoc comment." source="com.puppycrawl.tools.checkstyle.checks.javadoc.MissingJavadocMethodCheck"/>
<error line="58" column="3" severity="warning" message="Missing a Javadoc comment." source="com.puppycrawl.tools.checkstyle.checks.javadoc.MissingJavadocMethodCheck"/>
<error line="60" severity="warning" message="Line is longer than 100 characters (found 156)." source="com.puppycrawl.tools.checkstyle.checks.sizes.LineLengthCheck"/>
<error line="61" severity="warning" message="Line is longer than 100 characters (found 156)." source="com.puppycrawl.tools.checkstyle.checks.sizes.LineLengthCheck"/>
<error line="88" column="3" severity="warning" message="Missing a Javadoc comment." source="com.puppycrawl.tools.checkstyle.checks.javadoc.MissingJavadocMethodCheck"/>
<error line="94" column="5" severity="warning" message="switch without &quot;default&quot; clause." source="com.puppycrawl.tools.checkstyle.checks.coding.MissingSwitchDefaultCheck"/>
<error line="115" column="7" severity="warning" message="&apos;.&apos; has incorrect indentation level 6, expected level should be 8." source="com.puppycrawl.tools.checkstyle.checks.indentation.IndentationCheck"/>
<error line="116" column="7" severity="warning" message="&apos;method call&apos; child has incorrect indentation level 6, expected level should be 8." source="com.puppycrawl.tools.checkstyle.checks.indentation.IndentationCheck"/>
<error line="141" column="7" severity="warning" message="&apos;.&apos; has incorrect indentation level 6, expected level should be 8." source="com.puppycrawl.tools.checkstyle.checks.indentation.IndentationCheck"/>
<error line="142" column="7" severity="warning" message="&apos;method call&apos; child has incorrect indentation level 6, expected level should be 8." source="com.puppycrawl.tools.checkstyle.checks.indentation.IndentationCheck"/>
<error line="156" column="16" severity="warning" message="Abbreviation in name &apos;TasksVBox&apos; must contain no more than &apos;1&apos; consecutive capital letters." source="com.puppycrawl.tools.checkstyle.checks.naming.AbbreviationAsWordInNameCheck"/>
<error line="156" column="16" severity="warning" message="Method name &apos;TasksVBox&apos; must match pattern &apos;^[a-z][a-z0-9][a-zA-Z0-9_]*$&apos;." source="com.puppycrawl.tools.checkstyle.checks.naming.MethodNameCheck"/>
<error line="230" column="3" severity="warning" message="Missing a Javadoc comment." source="com.puppycrawl.tools.checkstyle.checks.javadoc.MissingJavadocMethodCheck"/>
<error line="230" column="15" severity="warning" message="Method name &apos;CoursesList&apos; must match pattern &apos;^[a-z][a-z0-9][a-zA-Z0-9_]*$&apos;." source="com.puppycrawl.tools.checkstyle.checks.naming.MethodNameCheck"/>
<error line="277" severity="warning" message="Line is longer than 100 characters (found 115)." source="com.puppycrawl.tools.checkstyle.checks.sizes.LineLengthCheck"/>
<error line="291" severity="warning" message="Line is longer than 100 characters (found 113)." source="com.puppycrawl.tools.checkstyle.checks.sizes.LineLengthCheck"/>
<error line="293" severity="warning" message="Line is longer than 100 characters (found 130)." source="com.puppycrawl.tools.checkstyle.checks.sizes.LineLengthCheck"/>
</file>
<file name="C:\Users\Dell\Programming2StudyBuddy\StudyBuddyApp\src\main\java\org\javawavers\studybuddy\ui_ux\SceneManager.java">
<error line="1" column="9" severity="warning" message="Package name &apos;org.javawavers.studybuddy.ui_ux&apos; must match pattern &apos;^[a-z]+(\.[a-z][a-z0-9]*)*$&apos;." source="com.puppycrawl.tools.checkstyle.checks.naming.PackageNameCheck"/>
</file>
<file name="C:\Users\Dell\Programming2StudyBuddy\StudyBuddyApp\src\main\java\org\javawavers\studybuddy\ui_ux\Styles.java">
<error line="1" column="9" severity="warning" message="Package name &apos;org.javawavers.studybuddy.ui_ux&apos; must match pattern &apos;^[a-z]+(\.[a-z][a-z0-9]*)*$&apos;." source="com.puppycrawl.tools.checkstyle.checks.naming.PackageNameCheck"/>
<error line="46" column="30" severity="warning" message="Abbreviation in name &apos;LABEL_STYLE&apos; must contain no more than &apos;1&apos; consecutive capital letters." source="com.puppycrawl.tools.checkstyle.checks.naming.AbbreviationAsWordInNameCheck"/>
<error line="46" column="30" severity="warning" message="Method name &apos;LABEL_STYLE&apos; must match pattern &apos;^[a-z][a-z0-9][a-zA-Z0-9_]*$&apos;." source="com.puppycrawl.tools.checkstyle.checks.naming.MethodNameCheck"/>
</file>
</checkstyle>
